Determining if the pthread_create exist failed with the following output:
Change Dir: /home/asb6/PycharmProjects/AutoSailROS/wind_sensor/build/CMakeFiles/CMakeTmp

Run Build Command:"/usr/bin/make" "cmTC_1006f/fast"
/usr/bin/make -f CMakeFiles/cmTC_1006f.dir/build.make CMakeFiles/cmTC_1006f.dir/build
make[1]: Entering directory '/home/asb6/PycharmProjects/AutoSailROS/wind_sensor/build/CMakeFiles/CMakeTmp'
Building C object CMakeFiles/cmTC_1006f.dir/CheckSymbolExists.c.o
/usr/bin/cc    -o CMakeFiles/cmTC_1006f.dir/CheckSymbolExists.c.o   -c /home/asb6/PycharmProjects/AutoSailROS/wind_sensor/build/CMakeFiles/CMakeTmp/CheckSymbolExists.c
Linking C executable cmTC_1006f
/usr/bin/cmake -E cmake_link_script CMakeFiles/cmTC_1006f.dir/link.txt --verbose=1
/usr/bin/cc      -rdynamic CMakeFiles/cmTC_1006f.dir/CheckSymbolExists.c.o  -o cmTC_1006f 
CMakeFiles/cmTC_1006f.dir/CheckSymbolExists.c.o: In function `main':
CheckSymbolExists.c:(.text+0x1b): undefined reference to `pthread_create'
collect2: error: ld returned 1 exit status
CMakeFiles/cmTC_1006f.dir/build.make:97: recipe for target 'cmTC_1006f' failed
make[1]: *** [cmTC_1006f] Error 1
make[1]: Leaving directory '/home/asb6/PycharmProjects/AutoSailROS/wind_sensor/build/CMakeFiles/CMakeTmp'
Makefile:126: recipe for target 'cmTC_1006f/fast' failed
make: *** [cmTC_1006f/fast] Error 2

File /home/asb6/PycharmProjects/AutoSailROS/wind_sensor/build/CMakeFiles/CMakeTmp/CheckSymbolExists.c:
/* */
#include <pthread.h>

int main(int argc, char** argv)
{
  (void)argv;
#ifndef pthread_create
  return ((int*)(&pthread_create))[argc];
#else
  (void)argc;
  return 0;
#endif
}

Determining if the function pthread_create exists in the pthreads failed with the following output:
Change Dir: /home/asb6/PycharmProjects/AutoSailROS/wind_sensor/build/CMakeFiles/CMakeTmp

Run Build Command:"/usr/bin/make" "cmTC_624f8/fast"
/usr/bin/make -f CMakeFiles/cmTC_624f8.dir/build.make CMakeFiles/cmTC_624f8.dir/build
make[1]: Entering directory '/home/asb6/PycharmProjects/AutoSailROS/wind_sensor/build/CMakeFiles/CMakeTmp'
Building C object CMakeFiles/cmTC_624f8.dir/CheckFunctionExists.c.o
/usr/bin/cc   -DCHECK_FUNCTION_EXISTS=pthread_create   -o CMakeFiles/cmTC_624f8.dir/CheckFunctionExists.c.o   -c /usr/share/cmake-3.10/Modules/CheckFunctionExists.c
Linking C executable cmTC_624f8
/usr/bin/cmake -E cmake_link_script CMakeFiles/cmTC_624f8.dir/link.txt --verbose=1
/usr/bin/cc  -DCHECK_FUNCTION_EXISTS=pthread_create    -rdynamic CMakeFiles/cmTC_624f8.dir/CheckFunctionExists.c.o  -o cmTC_624f8 -lpthreads 
/usr/bin/ld: cannot find -lpthreads
collect2: error: ld returned 1 exit status
CMakeFiles/cmTC_624f8.dir/build.make:97: recipe for target 'cmTC_624f8' failed
make[1]: *** [cmTC_624f8] Error 1
make[1]: Leaving directory '/home/asb6/PycharmProjects/AutoSailROS/wind_sensor/build/CMakeFiles/CMakeTmp'
Makefile:126: recipe for target 'cmTC_624f8/fast' failed
make: *** [cmTC_624f8/fast] Error 2


